{"sessionId": "f99e6c", "hypothesisId": "B", "location": "routes.py:upload", "message": "upload request received", "data": {"filename": "my iamge.png", "size": 737083}, "timestamp": 1782663089852}
{"sessionId": "f99e6c", "hypothesisId": "A", "location": "imagekit_services.py:upload_file", "message": "imagekit upload success", "data": {"url": "https://ik.imagekit.io/cfgd8tvmgr/headshots/my_iamge_Y_ZlF9HcL.png", "folder": "headshots"}, "timestamp": 1782663093262}
{"sessionId": "f99e6c", "hypothesisId": "A", "location": "imagekit_services.py:upload_file", "message": "imagekit upload success", "data": {"url": "https://ik.imagekit.io/cfgd8tvmgr/thumbnails/44051624-cd67-4b8f-ac4d-a4c32c364a02/af55e164-72c5-49f4-a2bd-38c5298ab4df_i5RM0ylFt.png", "folder": "thumbnails/44051624-cd67-4b8f-ac4d-a4c32c364a02"}, "timestamp": 1782663131155}
{"sessionId": "f99e6c", "hypothesisId": "B", "location": "routes.py:upload", "message": "upload request received", "data": {"filename": "Screenshot 2026-05-03 175347.png", "size": 49367}, "timestamp": 1782665351250}
{"sessionId": "f99e6c", "hypothesisId": "A", "location": "imagekit_services.py:upload_file", "message": "imagekit upload success", "data": {"url": "https://ik.imagekit.io/cfgd8tvmgr/headshots/Screenshot_2026-05-03_175347_n5_CkhaXb.png", "folder": "headshots"}, "timestamp": 1782665353166}
{"sessionId": "f99e6c", "hypothesisId": "B", "location": "routes.py:upload", "message": "upload request received", "data": {"filename": "WhatsApp Image 2026-05-16 at 6.47.40 PM.jpeg", "size": 88388}, "timestamp": 1782666311204}
{"sessionId": "f99e6c", "hypothesisId": "A", "location": "imagekit_services.py:upload_file", "message": "imagekit upload success", "data": {"url": "https://ik.imagekit.io/cfgd8tvmgr/headshots/WhatsApp_Image_2026-05-16_at_6.47.40_PM_SJptSYKXQ.jpeg", "folder": "headshots"}, "timestamp": 1782666318908}
{"sessionId": "f99e6c", "hypothesisId": "B", "location": "routes.py:upload", "message": "upload request received", "data": {"filename": "my picture_50kb.jpg", "size": 32232}, "timestamp": 1782667654178}
{"sessionId": "f99e6c", "hypothesisId": "A", "location": "imagekit_services.py:upload_file", "message": "imagekit upload success", "data": {"url": "https://ik.imagekit.io/cfgd8tvmgr/headshots/my_picture_50kb_LbMFrnl2O.jpg", "folder": "headshots"}, "timestamp": 1782667657140}
{"sessionId": "f99e6c", "hypothesisId": "A", "location": "imagekit_services.py:upload_file", "message": "imagekit upload success", "data": {"url": "https://ik.imagekit.io/cfgd8tvmgr/thumbnails/316951ba-fef2-45f7-8e25-b78a3a03dc23/d4658a5a-8e21-4a4e-9a76-550d217c1ceb_X_2262X8W.png", "folder": "thumbnails/316951ba-fef2-45f7-8e25-b78a3a03dc23"}, "timestamp": 1782667700960}
{"sessionId": "f99e6c", "hypothesisId": "A", "location": "imagekit_services.py:upload_file", "message": "imagekit upload success", "data": {"url": "https://ik.imagekit.io/cfgd8tvmgr/thumbnails/316951ba-fef2-45f7-8e25-b78a3a03dc23/a17f69c8-9e08-4e4d-be86-a2ad7c825dc8_WQIhdQutk.png", "folder": "thumbnails/316951ba-fef2-45f7-8e25-b78a3a03dc23"}, "timestamp": 1782667703242}
{"sessionId": "f99e6c", "hypothesisId": "B", "location": "routes.py:upload", "message": "upload request received", "data": {"filename": "my picture_50kb.jpg", "size": 32232}, "timestamp": 1782668451178}
{"sessionId": "f99e6c", "hypothesisId": "A", "location": "imagekit_services.py:upload_file", "message": "imagekit upload success", "data": {"url": "https://ik.imagekit.io/cfgd8tvmgr/headshots/my_picture_50kb_RyJ0wZoku.jpg", "folder": "headshots"}, "timestamp": 1782668453240}
{"sessionId": "f99e6c", "hypothesisId": "A", "location": "imagekit_services.py:upload_file", "message": "imagekit upload success", "data": {"url": "https://ik.imagekit.io/cfgd8tvmgr/thumbnails/40f53d81-7035-4ece-a80f-c28e70789187/eb3966f1-59ce-4bbb-aff1-d05c276eab17_dI20WOOWp.png", "folder": "thumbnails/40f53d81-7035-4ece-a80f-c28e70789187"}, "timestamp": 1782668493692}
{"sessionId": "f99e6c", "hypothesisId": "A", "location": "imagekit_services.py:upload_file", "message": "imagekit upload success", "data": {"url": "https://ik.imagekit.io/cfgd8tvmgr/thumbnails/40f53d81-7035-4ece-a80f-c28e70789187/368dd145-053a-4c3c-b518-e7dc69585636_fNstHR08v.png", "folder": "thumbnails/40f53d81-7035-4ece-a80f-c28e70789187"}, "timestamp": 1782668495301}
{"sessionId": "f99e6c", "hypothesisId": "B", "location": "routes.py:upload", "message": "upload request received", "data": {"filename": "my picture_50kb.jpg", "size": 32232}, "timestamp": 1782669157389}
{"sessionId": "f99e6c", "hypothesisId": "A", "location": "imagekit_services.py:upload_file", "message": "imagekit upload success", "data": {"url": "https://ik.imagekit.io/cfgd8tvmgr/headshots/my_picture_50kb_0EbnIEg_W.jpg", "folder": "headshots"}, "timestamp": 1782669158948}
{"sessionId": "f99e6c", "hypothesisId": "A", "location": "imagekit_services.py:upload_file", "message": "imagekit upload success", "data": {"url": "https://ik.imagekit.io/cfgd8tvmgr/thumbnails/37177385-1007-4958-94b8-05b0e6c27d24/f646064d-2a97-4c27-ad06-02bf270f93e3_lfK_C0F8R.png", "folder": "thumbnails/37177385-1007-4958-94b8-05b0e6c27d24"}, "timestamp": 1782669198601}
{"sessionId": "f99e6c", "hypothesisId": "A", "location": "imagekit_services.py:upload_file", "message": "imagekit upload success", "data": {"url": "https://ik.imagekit.io/cfgd8tvmgr/thumbnails/37177385-1007-4958-94b8-05b0e6c27d24/ef4617a2-556c-482c-a6e5-88726b1087c9_knZbwU7El.png", "folder": "thumbnails/37177385-1007-4958-94b8-05b0e6c27d24"}, "timestamp": 1782669200072}
{"sessionId": "f99e6c", "hypothesisId": "B", "location": "routes.py:upload", "message": "upload request received", "data": {"filename": "my picture_11zon.jpg", "size": 32232}, "timestamp": 1782669672551}
{"sessionId": "f99e6c", "hypothesisId": "A", "location": "imagekit_services.py:upload_file", "message": "imagekit upload success", "data": {"url": "https://ik.imagekit.io/cfgd8tvmgr/headshots/my_picture_11zon_g9SFQxvPc.jpg", "folder": "headshots"}, "timestamp": 1782669674004}
{"sessionId": "f99e6c", "hypothesisId": "A", "location": "imagekit_services.py:upload_file", "message": "imagekit upload success", "data": {"url": "https://ik.imagekit.io/cfgd8tvmgr/thumbnails/62e5eb91-22fc-4b95-921b-9cf7544e412f/f17709f1-a049-4540-95f0-e717ba1171ce_1BUA7i3zQ.png", "folder": "thumbnails/62e5eb91-22fc-4b95-921b-9cf7544e412f"}, "timestamp": 1782669707202}
{"sessionId": "f99e6c", "hypothesisId": "A", "location": "imagekit_services.py:upload_file", "message": "imagekit upload success", "data": {"url": "https://ik.imagekit.io/cfgd8tvmgr/thumbnails/62e5eb91-22fc-4b95-921b-9cf7544e412f/f062504a-97d7-4019-8bc1-94f1524e1bcd_461RsIqkW.png", "folder": "thumbnails/62e5eb91-22fc-4b95-921b-9cf7544e412f"}, "timestamp": 1782669711188}
{"sessionId": "f99e6c", "hypothesisId": "B", "location": "routes.py:upload", "message": "upload request received", "data": {"filename": "my picture_50kb.jpg", "size": 32232}, "timestamp": 1782714656638}
{"sessionId": "f99e6c", "hypothesisId": "A", "location": "imagekit_services.py:upload_file", "message": "imagekit upload success", "data": {"url": "https://ik.imagekit.io/cfgd8tvmgr/headshots/my_picture_50kb_gftUJ3A72.jpg", "folder": "headshots"}, "timestamp": 1782714659192}
{"sessionId": "f99e6c", "hypothesisId": "A", "location": "imagekit_services.py:upload_file", "message": "imagekit upload success", "data": {"url": "https://ik.imagekit.io/cfgd8tvmgr/thumbnails/bd57b2cb-717a-43ec-975a-17ad4063875b/6685ce7a-2623-493a-a518-b1bc3323c357_PbGNO6oleG.png", "folder": "thumbnails/bd57b2cb-717a-43ec-975a-17ad4063875b"}, "timestamp": 1782714703594}
{"sessionId": "f99e6c", "hypothesisId": "B", "location": "routes.py:upload", "message": "upload request received", "data": {"filename": "my picture_50kb.jpg", "size": 32232}, "timestamp": 1782715706190}
{"sessionId": "f99e6c", "hypothesisId": "A", "location": "imagekit_services.py:upload_file", "message": "imagekit upload success", "data": {"url": "https://ik.imagekit.io/cfgd8tvmgr/headshots/my_picture_50kb_zPVYXThTE.jpg", "folder": "headshots"}, "timestamp": 1782715708657}
{"sessionId": "f99e6c", "hypothesisId": "A", "location": "imagekit_services.py:upload_file", "message": "imagekit upload success", "data": {"url": "https://ik.imagekit.io/cfgd8tvmgr/thumbnails/bc761358-4421-40dd-8f3a-b3ab401f42e6/bdf68351-babd-405f-857d-459eee665af2_0umlUAd0Kg.png", "folder": "thumbnails/bc761358-4421-40dd-8f3a-b3ab401f42e6"}, "timestamp": 1782715775366}
{"sessionId": "f99e6c", "hypothesisId": "A", "location": "imagekit_services.py:upload_file", "message": "imagekit upload success", "data": {"url": "https://ik.imagekit.io/cfgd8tvmgr/thumbnails/bc761358-4421-40dd-8f3a-b3ab401f42e6/83bb392b-5ff1-4db4-b0e3-8c82ff63e0da_R6mnkToUY.png", "folder": "thumbnails/bc761358-4421-40dd-8f3a-b3ab401f42e6"}, "timestamp": 1782715776898}
